<?xml version="1.0" encoding="UTF-8"?>
<!-- Generated by org.testng.reporters.JUnitReportReporter -->
<testsuite hostname="DESKTOP-GT6GQKI" failures="0" tests="2" name="Module_Login1_TestClass.OrangeHRM_TestNG_TestClass" time="28.555" errors="0" timestamp="2022-10-29T17:33:14 IST" skipped="0">
  <testcase classname="Module_Login1_TestClass.OrangeHRM_TestNG_TestClass" name="VerifyUsername" time="23.066"/>
  <system-out/>
  <testcase classname="Module_Login1_TestClass.OrangeHRM_TestNG_TestClass" name="VerifyTitle" time="5.489"/>
  <system-out/>
</testsuite> <!-- Module_Login1_TestClass.OrangeHRM_TestNG_TestClass -->
